2013-08-13 15:16:46.618 HelloWorld[7568:c07] Multi-tasking -> Device: YES, App: YES
2013-08-13 15:16:46.877 HelloWorld[7568:c07] Resetting plugins due to page load.
2013-08-13 15:16:46.988 HelloWorld[7568:c07] Finished load of: file:///Users/nickbreen/Library/Application%20Support/iPhone%20Simulator/6.1/Applications/03D35E9B-50FC-433B-85F5-EDD927025B67/HelloWorld.app/www/index.html
Terminating in response to SpringBoard's termination.
2013-08-13 15:17:42.122 HelloWorld[7942:c07] Multi-tasking -> Device: YES, App: YES
2013-08-13 15:17:42.199 HelloWorld[7942:c07] Resetting plugins due to page load.
2013-08-13 15:17:42.247 HelloWorld[7942:c07] Finished load of: file:///Users/nickbreen/Library/Application%20Support/iPhone%20Simulator/6.1/Applications/03D35E9B-50FC-433B-85F5-EDD927025B67/HelloWorld.app/www/index.html
Terminating in response to SpringBoard's termination.
2013-08-13 17:40:41.307 HelloWorld[8793:c07] Multi-tasking -> Device: YES, App: YES
2013-08-13 17:40:41.449 HelloWorld[8793:c07] Resetting plugins due to page load.
2013-08-13 17:40:41.542 HelloWorld[8793:c07] Finished load of: file:///Users/nickbreen/Library/Application%20Support/iPhone%20Simulator/6.1/Applications/03D35E9B-50FC-433B-85F5-EDD927025B67/HelloWorld.app/www/index.html
Terminating in response to SpringBoard's termination.
2013-08-13 18:00:07.973 HelloWorld[9389:c07] Multi-tasking -> Device: YES, App: YES
2013-08-13 18:00:08.030 HelloWorld[9389:c07] Resetting plugins due to page load.
2013-08-13 18:00:08.092 HelloWorld[9389:c07] Finished load of: file:///Users/nickbreen/Library/Application%20Support/iPhone%20Simulator/6.1/Applications/03D35E9B-50FC-433B-85F5-EDD927025B67/HelloWorld.app/www/index.html
Terminating in response to SpringBoard's termination.
2013-08-13 18:43:57.711 pgapp[10476:c07] Multi-tasking -> Device: YES, App: YES
2013-08-13 18:43:57.794 pgapp[10476:c07] Resetting plugins due to page load.
2013-08-13 18:43:57.860 pgapp[10476:c07] Finished load of: file:///Users/nickbreen/Library/Application%20Support/iPhone%20Simulator/6.1/Applications/6CEC5175-54F3-4149-95F4-6F9D77E2C8D9/pgapp.app/www/index.html
Terminating in response to SpringBoard's termination.
2013-08-13 18:44:43.272 pgapp[10813:c07] Multi-tasking -> Device: YES, App: YES
2013-08-13 18:44:43.315 pgapp[10813:c07] Resetting plugins due to page load.
2013-08-13 18:44:43.365 pgapp[10813:c07] Finished load of: file:///Users/nickbreen/Library/Application%20Support/iPhone%20Simulator/6.1/Applications/6CEC5175-54F3-4149-95F4-6F9D77E2C8D9/pgapp.app/www/index.html
Terminating in response to SpringBoard's termination.
